<?xml version="1.0" encoding="UTF-8"?>
<testng-results ignored="0" total="2" passed="2" failed="0" skipped="0">
  <reporter-output>
  </reporter-output>
  <suite started-at="2022-02-10T15:34:34 IST" name="Default suite" finished-at="2022-02-10T15:35:42 IST" duration-ms="67810">
    <groups>
    </groups>
    <test started-at="2022-02-10T15:34:34 IST" name="Default test" finished-at="2022-02-10T15:35:42 IST" duration-ms="67810">
      <class name="tests.TestNgTestClass">
        <test-method is-config="true" signature="launchTheBrowser()[pri:0, instance:tests.TestNgTestClass@418e7838]" started-at="2022-02-10T15:34:34 IST" name="launchTheBrowser" finished-at="2022-02-10T15:35:01 IST" duration-ms="26437" status="PASS">
          <reporter-output>
          </reporter-output>
        </test-method> <!-- launchTheBrowser -->
        <test-method is-config="true" signature="loginToApplication()[pri:0, instance:tests.TestNgTestClass@418e7838]" started-at="2022-02-10T15:35:01 IST" name="loginToApplication" finished-at="2022-02-10T15:35:13 IST" duration-ms="12359" status="PASS">
          <reporter-output>
          </reporter-output>
        </test-method> <!-- loginToApplication -->
        <test-method signature="checkTextOfLoginButton()[pri:0, instance:tests.TestNgTestClass@418e7838]" started-at="2022-02-10T15:35:13 IST" name="checkTextOfLoginButton" finished-at="2022-02-10T15:35:14 IST" duration-ms="812" status="PASS">
          <reporter-output>
          </reporter-output>
        </test-method> <!-- checkTextOfLoginButton -->
        <test-method is-config="true" signature="logoutFromTheApplication()[pri:0, instance:tests.TestNgTestClass@418e7838]" started-at="2022-02-10T15:35:14 IST" name="logoutFromTheApplication" finished-at="2022-02-10T15:35:14 IST" duration-ms="0" status="PASS">
          <reporter-output>
          </reporter-output>
        </test-method> <!-- logoutFromTheApplication -->
        <test-method is-config="true" signature="loginToApplication()[pri:0, instance:tests.TestNgTestClass@418e7838]" started-at="2022-02-10T15:35:14 IST" name="loginToApplication" finished-at="2022-02-10T15:35:16 IST" duration-ms="2638" status="PASS">
          <reporter-output>
          </reporter-output>
        </test-method> <!-- loginToApplication -->
        <test-method signature="loginIntoFacebook()[pri:0, instance:tests.TestNgTestClass@418e7838]" started-at="2022-02-10T15:35:16 IST" name="loginIntoFacebook" finished-at="2022-02-10T15:35:35 IST" duration-ms="18185" status="PASS">
          <reporter-output>
          </reporter-output>
        </test-method> <!-- loginIntoFacebook -->
        <test-method is-config="true" signature="logoutFromTheApplication()[pri:0, instance:tests.TestNgTestClass@418e7838]" started-at="2022-02-10T15:35:35 IST" name="logoutFromTheApplication" finished-at="2022-02-10T15:35:35 IST" duration-ms="0" status="PASS">
          <reporter-output>
          </reporter-output>
        </test-method> <!-- logoutFromTheApplication -->
        <test-method is-config="true" signature="afterClass()[pri:0, instance:tests.TestNgTestClass@418e7838]" started-at="2022-02-10T15:35:35 IST" name="afterClass" finished-at="2022-02-10T15:35:42 IST" duration-ms="7283" status="PASS">
          <reporter-output>
          </reporter-output>
        </test-method> <!-- afterClass -->
      </class> <!-- tests.TestNgTestClass -->
    </test> <!-- Default test -->
  </suite> <!-- Default suite -->
</testng-results>
